"cd-rfile"
"Iteration" "cd"
("Iteration" "cd")
1 0.06567413
2 0.07805435
3 0.08673552
4 0.09254247
5 0.09650126
6 0.09964938
7 0.1031263
8 0.1064484
9 0.1097336
10 0.1132434
11 0.1170624
12 0.121244
13 0.125479
14 0.1279253
15 0.1255668
16 0.1216302
17 0.1164723
18 0.1131278
19 0.1103323
20 0.1083991
21 0.1090407
22 0.1089938
23 0.1075276
24 0.1066303
25 0.1055971
26 0.1043759
27 0.1037532
28 0.10416
29 0.1051181
30 0.1057953
31 0.1061062
32 0.1060795
33 0.1057075
34 0.105087
35 0.1044389
36 0.1038722
37 0.1034666
38 0.1031021
39 0.10279
40 0.1025646
41 0.1023656
42 0.1021748
43 0.1019827
44 0.1017917
45 0.1016162
46 0.1014757
47 0.1013993
48 0.1013765
49 0.1014026
50 0.1014544
51 0.1015116
52 0.1015686
53 0.1016129
54 0.1016455
55 0.1016683
56 0.101689
57 0.1017144
58 0.1017526
59 0.1018071
60 0.1018749
61 0.1019461
62 0.1020083
63 0.1020555
64 0.1020844
65 0.1020971
66 0.1020955
67 0.1020831
68 0.1020667
69 0.1020506
70 0.102035
71 0.1020208
72 0.1020066
73 0.1019917
74 0.1019732
75 0.1019505
76 0.1019229
77 0.1018899
78 0.1018532
79 0.1018163
80 0.1017831
81 0.1017543
82 0.1017285
83 0.1017043
84 0.1016803
85 0.1016567
86 0.1016327
87 0.1016051
88 0.101574
89 0.101543
90 0.1015122
91 0.1014811
92 0.1014488
93 0.101416
94 0.1013818
95 0.1013448
96 0.1013041
97 0.101259
98 0.1012103
99 0.1011584
100 0.1011038
101 0.101048
102 0.1009912
103 0.1009331
104 0.1008793
105 0.1008322
106 0.1007918
107 0.1007548
108 0.1007215
109 0.1006904
110 0.1006613
111 0.100632
112 0.1006022
113 0.1005705
114 0.1005336
115 0.1004959
116 0.100455
117 0.1004111
118 0.1003641
119 0.100315
120 0.1002617
121 0.1002024
122 0.100139
123 0.1000723
124 0.1000038
125 0.09993491
126 0.0998668
127 0.09979973
128 0.09973379
129 0.09967237
130 0.09961656
131 0.09956609
132 0.09952091
133 0.09947778
134 0.09943813
135 0.0994011
136 0.09936485
137 0.09933037
138 0.09929818
139 0.09926331
140 0.0992222
141 0.09917692
142 0.09912927
143 0.09908038
144 0.09902768
145 0.09897129
146 0.09891074
147 0.09884441
148 0.09877987
149 0.09871484
150 0.09864971
151 0.09858645
152 0.09852657
153 0.09847004
154 0.09841783
155 0.09836975
156 0.09832741
157 0.0982899
158 0.09825655
159 0.09822655
160 0.09819726
161 0.0981691
162 0.09814162
163 0.09811448
164 0.09808761
165 0.09806016
166 0.09803217
167 0.09799945
168 0.09796408
169 0.09792817
170 0.09788931
171 0.09784675
172 0.09780317
173 0.09775981
174 0.09771501
175 0.09766862
176 0.09762119
177 0.09757299
178 0.09752449
179 0.09747702
180 0.09743237
181 0.09738897
182 0.09734544
183 0.09730342
184 0.09726267
185 0.09722342
186 0.09718572
187 0.09714955
188 0.09711592
189 0.09708432
190 0.09705307
191 0.09702254
192 0.09699181
193 0.09696092
194 0.09692966
195 0.0968981
196 0.09686653
197 0.09683506
198 0.09680364
199 0.09677263
200 0.09674116
201 0.09671
202 0.09667863
203 0.09664685
204 0.096615
205 0.09658325
206 0.09655103
207 0.09651882
208 0.09648649
209 0.09645467
210 0.09642514
211 0.09639538
212 0.09636588
213 0.09633663
214 0.09630974
215 0.09628343
216 0.09625772
217 0.09623285
218 0.09620911
219 0.09618815
220 0.0961674
221 0.09614634
222 0.0961258
223 0.09610404
224 0.09608198
225 0.09606031
226 0.09603796
227 0.09601437
228 0.09599025
229 0.09596524
230 0.09593927
231 0.09591226
232 0.09588706
233 0.09586228
234 0.0958389
235 0.09581408
236 0.09578754
237 0.09575921
238 0.09572806
239 0.09569558
240 0.095662
241 0.09562847
242 0.09559672
243 0.09556432
244 0.09553169
245 0.09549887
246 0.09546617
247 0.09543356
248 0.0954014
249 0.09536986
250 0.09533851
251 0.09530632
252 0.09527456
253 0.09524343
254 0.09521282
255 0.0951824
256 0.09515228
257 0.0951215
258 0.0950882
259 0.0950567
260 0.09502716
261 0.09499967
262 0.09497171
263 0.09494212
264 0.09491163
265 0.09487867
266 0.09484143
267 0.09480402
268 0.09476768
269 0.09473327
270 0.09469803
271 0.09466226
272 0.09462583
273 0.09458885
274 0.09455133
275 0.09451348
276 0.09447534
277 0.09443726
278 0.09439983
279 0.09436211
280 0.0943243
281 0.0942864
282 0.09424837
283 0.09421012
284 0.09417172
285 0.09413353
286 0.09409542
287 0.09405609
288 0.09401698
289 0.09398036
290 0.09394309
291 0.09390575
292 0.09386976
293 0.09383317
294 0.09379617
295 0.09375887
296 0.09372161
297 0.09368598
298 0.09365156
299 0.09361874
300 0.09358446
301 0.09354942
302 0.09351424
303 0.09347983
304 0.09344603
305 0.09341335
306 0.09337895
307 0.09334245
308 0.09330551
309 0.09326827
310 0.09323291
311 0.09319741
312 0.09316146
313 0.09312113
314 0.09308074
315 0.09304119
316 0.09300254
317 0.09296526
318 0.09292994
319 0.09289932
320 0.09286912
321 0.09283882
322 0.09280879
323 0.09277885
324 0.09274869
325 0.092718
326 0.09268674
327 0.09265461
328 0.09262144
329 0.09258769
330 0.09255724
331 0.0925251
332 0.09249107
333 0.09245554
334 0.09241823
335 0.09237997
336 0.09234179
337 0.09230416
338 0.09226833
339 0.09223109
340 0.0921955
341 0.0921579
342 0.09212208
343 0.09208622
344 0.09204964
345 0.09201556
346 0.09198161
347 0.09194682
348 0.09191386
349 0.09188121
350 0.09184753
351 0.09181383
352 0.09178086
353 0.09174888
354 0.09171726
355 0.09168578
356 0.09165458
357 0.09162331
358 0.09159196
359 0.09156041
360 0.09153122
361 0.09150524
362 0.09147877
363 0.09145118
364 0.09142277
365 0.09139374
366 0.09136401
367 0.09133378
368 0.09130362
369 0.0912753
370 0.09124863
371 0.09122379
372 0.09120077
373 0.09117796
374 0.09115614
375 0.09113422
376 0.0911121
377 0.09108947
378 0.09106489
379 0.09103856
380 0.0910108
381 0.09098177
382 0.09095174
383 0.09092047
384 0.09088816
385 0.09085461
386 0.09082025
387 0.09078495
388 0.09074898
389 0.09071236
390 0.0906748
391 0.09063789
392 0.09060273
393 0.09056836
394 0.0905353
395 0.09050397
396 0.09047304
397 0.09044313
398 0.0904147
399 0.09038748
400 0.09036183
401 0.09033809
402 0.09031638
403 0.09029722
404 0.09028216
405 0.09026837
406 0.09025832
407 0.09024902
408 0.09023959
409 0.09022954
410 0.09021845
411 0.09020414
412 0.0901875
413 0.09016968
414 0.09015223
415 0.09013142
416 0.09010876
417 0.09008466
418 0.09005961
419 0.09003106
420 0.08999906
421 0.08996537
422 0.08993299
423 0.08989922
424 0.08986071
425 0.08981936
426 0.08977805
427 0.08973736
428 0.08969702
429 0.08965773
430 0.08961924
431 0.08958201
432 0.08954861
433 0.08951917
434 0.0894936
435 0.08947231
436 0.08945558
437 0.08944357
438 0.08943607
439 0.08943487
440 0.0894375
441 0.08944762
442 0.08946247
443 0.08947868
444 0.08949537
445 0.089513
446 0.08952983
447 0.08954512
448 0.08955733
449 0.08956718
450 0.08957437
451 0.08957823
452 0.08957806
453 0.08957153
454 0.08955984
455 0.08954292
456 0.08952139
457 0.08949526
458 0.08946437
459 0.08942893
460 0.08938912
461 0.08934484
462 0.08929577
463 0.08924285
464 0.08918708
465 0.08912948
466 0.0890705
467 0.08901075
468 0.08895096
469 0.08889415
470 0.08883899
471 0.08878516
472 0.08873383
473 0.08868553
474 0.08864215
475 0.08860287
476 0.08856744
477 0.08853745
478 0.08851422
479 0.08849896
480 0.08849219
481 0.08849356
482 0.08850352
483 0.08852167
484 0.08855012
485 0.08858567
486 0.08862523
487 0.08866884
488 0.08871601
489 0.08876646
490 0.08881687
491 0.08886661
492 0.08891425
493 0.08895908
494 0.08899954
495 0.08903702
496 0.08906893
497 0.0890936
498 0.08911016
499 0.08911907
500 0.08911836
501 0.08910781
502 0.08908858
503 0.08906175
504 0.0890276
505 0.08898611
506 0.08893916
507 0.0888874
508 0.08883097
509 0.0887702
510 0.08870555
511 0.08864016
512 0.08857289
513 0.0885033
514 0.08843222
515 0.08836069
516 0.08828989
517 0.0882201
518 0.08815192
519 0.08808593
520 0.08802291
521 0.08796353
522 0.08790845
523 0.08785744
524 0.08781124
525 0.08777139
526 0.08773924
527 0.08771284
528 0.08769326
529 0.08768027
530 0.08767461
531 0.08767474
532 0.08768293
533 0.0876975
534 0.08771875
535 0.08774679
536 0.08778351
537 0.08782481
538 0.08787038
539 0.08792411
540 0.08798391
541 0.08804835
542 0.08811547
543 0.08818397
544 0.08825288
545 0.08832375
546 0.08839626
547 0.08846929
548 0.08854154
549 0.08861224
550 0.08868062
551 0.08874555
552 0.08880663
553 0.088865
554 0.08891689
555 0.08896066
556 0.08899853
557 0.08903014
558 0.08905648
559 0.08907746
560 0.08909312
561 0.08910462
562 0.08911347
563 0.08911902
564 0.08911971
565 0.08911636
566 0.08910892
567 0.08909485
568 0.08907763
569 0.0890554
570 0.08902884
571 0.0889983
572 0.08896416
573 0.08892719
574 0.08888788
575 0.08884645
576 0.08880376
577 0.0887601
578 0.08871589
579 0.0886711
580 0.08862585
581 0.08858085
582 0.08853645
583 0.08849705
584 0.08845816
585 0.08841926
586 0.08838272
587 0.08834809
588 0.08831473
589 0.08828297
590 0.08825315
591 0.08822566
592 0.08820179
593 0.08818027
594 0.08816011
595 0.08814307
596 0.08812989
597 0.08812269
598 0.08811963
599 0.08812069
600 0.08812612
601 0.08813449
602 0.08814402
603 0.08815575
604 0.088172
605 0.08819282
606 0.08821703
607 0.08824442
608 0.08827463
609 0.08830783
610 0.088344
611 0.08839049
612 0.08843935
613 0.08848862
614 0.08853868
615 0.08858929
616 0.08864036
617 0.0886918
618 0.08874345
619 0.08879541
620 0.08884757
621 0.08889996
622 0.08895203
623 0.08900294
624 0.08905411
625 0.08910573
626 0.08915944
627 0.08921025
628 0.08925997
629 0.08930888
630 0.08935691
631 0.08940177
632 0.08944701
633 0.08949264
634 0.08953676
635 0.0895801
636 0.08962136
637 0.08966066
638 0.08969864
639 0.08973441
640 0.08976793
641 0.08979861
642 0.08982614
643 0.08985246
644 0.08987682
645 0.08990078
646 0.08992483
647 0.08994865
648 0.08997192
649 0.08999341
650 0.09001511
651 0.09003963
652 0.0900666
653 0.09009406
654 0.09012191
655 0.09015095
656 0.09017961
657 0.0902072
658 0.09023985
659 0.09028184
660 0.09032102
661 0.09036279
662 0.09039907
663 0.09043092
664 0.09046502
665 0.09049864
666 0.09052922
667 0.09055779
668 0.09058554
669 0.09061328
670 0.09063958
671 0.09066291
672 0.09068637
673 0.09071136
674 0.09073771
675 0.09076464
676 0.09079267
677 0.09081966
678 0.09084732
679 0.09087501
680 0.09090278
681 0.09093032
682 0.09095693
683 0.09098329
684 0.09100917
685 0.09103433
686 0.09105632
687 0.09108106
688 0.09110813
689 0.09113807
690 0.09116757
691 0.09119567
692 0.09122202
693 0.09125257
694 0.0912947
695 0.09133421
696 0.09137194
697 0.09140494
698 0.09143152
699 0.09145351
700 0.09147254
701 0.09149123
702 0.09151132
703 0.09153394
704 0.09155938
705 0.09158393
706 0.09160525
707 0.0916254
708 0.09164435
709 0.0916628
710 0.09168228
711 0.09170272
712 0.09172381
713 0.09174535
714 0.0917673
715 0.09178969
716 0.09181337
717 0.09183744
718 0.09185844
719 0.09187888
720 0.09190015
721 0.09192258
722 0.09194504
723 0.09197052
724 0.09199594
725 0.09202106
726 0.09204934
727 0.09207724
728 0.09210398
729 0.09212919
730 0.09215276
731 0.0921746
732 0.09219489
733 0.09221289
734 0.09222961
735 0.09224778
736 0.09226475
737 0.09228165
738 0.09229841
739 0.09231684
740 0.09233596
741 0.09235471
742 0.09237264
743 0.09239052
744 0.09240805
745 0.09242495
746 0.09243926
747 0.09245394
748 0.09247021
749 0.09248837
750 0.09250754
751 0.0925271
752 0.09254662
753 0.092566
754 0.09258503
755 0.09260403
756 0.0926227
757 0.09264149
758 0.09266461
759 0.09268815
760 0.09271498
761 0.09274309
762 0.09276942
763 0.09279617
764 0.09282263
765 0.09284817
766 0.09287317
767 0.09289628
768 0.09293003
769 0.09297177
770 0.0930104
771 0.09304687
772 0.09308513
773 0.09312162
774 0.09315608
775 0.09319132
776 0.09322406
777 0.09325556
778 0.09328626
779 0.09331635
780 0.09334603
781 0.09336977
782 0.09339376
783 0.09341956
784 0.09344747
785 0.09347699
786 0.09350697
787 0.09353908
788 0.09357312
789 0.0936088
790 0.09364583
791 0.0936867
792 0.09372959
793 0.09377109
794 0.09380966
795 0.09384622
796 0.09388386
797 0.09392332
798 0.09396316
799 0.09400196
800 0.09403969
801 0.09407859
802 0.09412022
803 0.0941601
804 0.09419672
805 0.09424672
806 0.09429355
807 0.09433647
808 0.09437258
809 0.09440276
810 0.09442958
811 0.09445265
812 0.09447473
813 0.09449469
814 0.0945117
815 0.09452628
816 0.09454049
817 0.09455388
818 0.09456728
819 0.09458101
820 0.09459521
821 0.09460559
822 0.09461537
823 0.09462554
824 0.09463616
825 0.09464724
826 0.09465826
827 0.09466904
828 0.09467977
829 0.09469007
830 0.09470052
831 0.09471254
832 0.0947257
833 0.09473879
834 0.0947511
835 0.09476246
836 0.09477317
837 0.09478381
838 0.09479402
839 0.09480319
840 0.09481134
841 0.09481956
842 0.09482962
843 0.0948412
844 0.09485557
845 0.09487137
846 0.09488703
847 0.09490235
848 0.09491656
849 0.09493048
850 0.09494757
851 0.0949638
852 0.09497762
853 0.09499356
854 0.09501011
855 0.09502865
856 0.09504991
857 0.09507678
858 0.09510485
859 0.09513297
860 0.09516108
861 0.09518621
862 0.09521174
863 0.09523929
864 0.09526846
865 0.09529781
866 0.09532695
867 0.09535687
868 0.09538774
869 0.09541897
870 0.09544685
871 0.09547649
872 0.09550586
873 0.09553707
874 0.09557193
875 0.0956086
876 0.09564579
877 0.09568285
878 0.09572063
879 0.09575659
880 0.09579273
881 0.0958287
882 0.09586496
883 0.0959005
884 0.09594647
885 0.09599081
886 0.09603323
887 0.09607332
888 0.09610943
889 0.09614308
890 0.09617101
891 0.0961959
892 0.09621834
893 0.09623808
894 0.09626371
895 0.09629598
896 0.09632878
897 0.09635834
898 0.09638487
899 0.09640775
900 0.09642927
901 0.09644596
902 0.09646267
903 0.09647793
904 0.09649023
905 0.09649676
906 0.09650242
907 0.09650748
908 0.09651184
909 0.09651323
910 0.09651188
911 0.09651081
912 0.09651051
913 0.09651072
914 0.09651239
915 0.09651313
916 0.0965139
917 0.09651448
918 0.09651481
919 0.09651382
920 0.0965111
921 0.09650855
922 0.09650663
923 0.09650318
924 0.09649763
925 0.09649105
926 0.09648561
927 0.09649502
928 0.09649985
929 0.09650043
930 0.09649727
931 0.09649105
932 0.09648204
933 0.09647102
934 0.09645946
935 0.09644803
936 0.09643682
937 0.09642471
938 0.09640961
939 0.09639665
940 0.09638542
941 0.09637569
942 0.09636732
943 0.09636
944 0.09635348
945 0.09634749
946 0.09634175
947 0.09633616
948 0.09632961
949 0.09632201
950 0.09631166
951 0.09630024
952 0.09628977
953 0.09628051
954 0.09627246
955 0.09626593
956 0.09626068
957 0.09625659
958 0.09625356
959 0.09625183
960 0.09625221
961 0.09625543
962 0.09625939
963 0.09626339
964 0.09626751
965 0.09627162
966 0.09627557
967 0.0962797
968 0.09628355
969 0.09628778
970 0.09629203
971 0.09629542
972 0.09629717
973 0.09630105
974 0.09630685
975 0.09631299
976 0.09631864
977 0.09632323
978 0.09632207
979 0.09632332
980 0.09632871
981 0.09633398
982 0.09634242
983 0.09635062
984 0.09635817
985 0.09636527
986 0.096372
987 0.09637806
988 0.09638765
989 0.09639549
990 0.09640411
991 0.09641442
992 0.09642488
993 0.09643566
994 0.09644663
995 0.09645774
996 0.09646709
997 0.09647595
998 0.0964867
999 0.09649923
1000 0.09651013
